This is pdfTeX, Version 3.141592653-2.6-1.40.24 (MiKTeX 21.12) (preloaded format=pdflatex 2021.12.30)  30 DEC 2021 01:56
entering extended mode
 restricted \write18 enabled.
 %&-line parsing enabled.
**./Dokumentation.tex
(Dokumentation.tex
LaTeX2e <2021-11-15> patch level 1
L3 programming layer <2021-11-22>
(C:\Users\olive\AppData\Local\Programs\MiKTeX\tex/latex/base\article.cls
Document Class: article 2021/10/04 v1.4n Standard LaTeX document class
(C:\Users\olive\AppData\Local\Programs\MiKTeX\tex/latex/base\size12.clo
File: size12.clo 2021/10/04 v1.4n Standard LaTeX file (size option)
)
\c@part=\count183
\c@section=\count184
\c@subsection=\count185
\c@subsubsection=\count186
\c@paragraph=\count187
\c@subparagraph=\count188
\c@figure=\count189
\c@table=\count190
\abovecaptionskip=\skip47
\belowcaptionskip=\skip48
\bibindent=\dimen138
)
(C:\Users\olive\AppData\Local\Programs\MiKTeX\tex/latex/blindtext\blindtext.sty
Package: blindtext 2012/01/06 V2.0 blindtext-Package
(C:\Users\olive\AppData\Local\Programs\MiKTeX\tex/latex/tools\xspace.sty
Package: xspace 2014/10/28 v1.13 Space after command names (DPC,MH)
)
\c@blindtext=\count191
\c@Blindtext=\count192
\c@blind@countparstart=\count193
\blind@countxx=\count194
\blindtext@numBlindtext=\count195
\blind@countyy=\count196
\c@blindlist=\count197
\c@blindlistlevel=\count198
\c@blindlist@level=\count199
\blind@listitem=\count266
\c@blind@listcount=\count267
\c@blind@levelcount=\count268
\blind@mathformula=\count269
\blind@Mathformula=\count270
\c@blind@randomcount=\count271
\c@blind@randommax=\count272
\c@blind@pangramcount=\count273
\c@blind@pangrammax=\count274
)
(C:\Users\olive\AppData\Local\Programs\MiKTeX\tex/latex/l3backend\l3backend-pdf
tex.def
File: l3backend-pdftex.def 2021-10-18 L3 backend support: PDF output (pdfTeX)
\l__color_backend_stack_int=\count275
\l__pdf_internal_box=\box50
) (Dokumentation.aux)
\openout1 = `Dokumentation.aux'.

LaTeX Font Info:    Checking defaults for OML/cmm/m/it on input line 3.
LaTeX Font Info:    ... okay on input line 3.
LaTeX Font Info:    Checking defaults for OMS/cmsy/m/n on input line 3.
LaTeX Font Info:    ... okay on input line 3.
LaTeX Font Info:    Checking defaults for OT1/cmr/m/n on input line 3.
LaTeX Font Info:    ... okay on input line 3.
LaTeX Font Info:    Checking defaults for T1/cmr/m/n on input line 3.
LaTeX Font Info:    ... okay on input line 3.
LaTeX Font Info:    Checking defaults for TS1/cmr/m/n on input line 3.
LaTeX Font Info:    ... okay on input line 3.
LaTeX Font Info:    Checking defaults for OMX/cmex/m/n on input line 3.
LaTeX Font Info:    ... okay on input line 3.
LaTeX Font Info:    Checking defaults for U/cmr/m/n on input line 3.
LaTeX Font Info:    ... okay on input line 3.
LaTeX Font Info:    External font `cmex10' loaded for size
(Font)              <17.28> on input line 8.
LaTeX Font Info:    External font `cmex10' loaded for size
(Font)              <12> on input line 8.

Overfull \hbox (87.82567pt too wide) in paragraph at lines 8--8
 []$ 
 []

LaTeX Font Info:    External font `cmex10' loaded for size
(Font)              <14.4> on input line 8.
LaTeX Font Info:    External font `cmex10' loaded for size
(Font)              <7> on input line 8.
[1

{C:/Users/olive/AppData/Local/MiKTeX/fonts/map/pdftex/pdftex.map}]
(Dokumentation.toc
LaTeX Font Info:    External font `cmex10' loaded for size
(Font)              <8> on input line 5.
LaTeX Font Info:    External font `cmex10' loaded for size
(Font)              <6> on input line 5.
)
\tf@toc=\write3
\openout3 = `Dokumentation.toc'.

 [1] [2] [3] [4]
Underfull \hbox (badness 10000) in paragraph at lines 23--25
[]$[]$
 []


Underfull \hbox (badness 10000) in paragraph at lines 25--27
[]$[]$
 []


Underfull \hbox (badness 10000) in paragraph at lines 27--29
[]$[]$
 []

[5] [6] (Dokumentation.aux) ) 
Here is how much of TeX's memory you used:
 661 strings out of 478659
 12310 string characters out of 2845919
 310845 words of memory out of 3000000
 18825 multiletter control sequences out of 15000+600000
 410256 words of font info for 49 fonts, out of 8000000 for 9000
 1141 hyphenation exceptions out of 8191
 40i,6n,48p,471b,214s stack positions out of 5000i,500n,10000p,200000b,80000s
 <C:\Users\olive\AppData\Local\MiKTeX\fonts/pk/ljf
our/jknappen/ec/dpi600\tcrm1200.pk><C:/Users/olive/AppData/Local/Programs/MiKTe
X/fonts/type1/public/amsfonts/cm/cmbx12.pfb><C:/Users/olive/AppData/Local/Progr
ams/MiKTeX/fonts/type1/public/amsfonts/cm/cmbxti10.pfb><C:/Users/olive/AppData/
Local/Programs/MiKTeX/fonts/type1/public/amsfonts/cm/cmr12.pfb>
Output written on Dokumentation.pdf (7 pages, 53496 bytes).
PDF statistics:
 46 PDF objects out of 1000 (max. 8388607)
 0 named destinations out of 1000 (max. 500000)
 1 words of extra memory for PDF output out of 10000 (max. 10000000)

