\BOOKMARK [1][-]{section.1}{\376\377\000U\000M\000L\000-\000D\000i\000a\000g\000r\000a\000m\000m}{}% 1
\BOOKMARK [1][-]{section.2}{\376\377\000G\000r\000u\000n\000d\000i\000d\000e\000e}{}% 2
\BOOKMARK [2][-]{subsection.2.1}{\376\377\000U\000m\000g\000e\000b\000u\000n\000g}{section.2}% 3
\BOOKMARK [2][-]{subsection.2.2}{\376\377\000D\000a\000r\000s\000t\000e\000l\000l\000u\000n\000g\000\040\000d\000e\000s\000\040\000R\000a\000u\000m\000e\000s}{section.2}% 4
\BOOKMARK [2][-]{subsection.2.3}{\376\377\000A\000l\000l\000g\000e\000m\000e\000i\000n\000e\000s\000\040\000z\000u\000\040\000d\000e\000n\000\040\000B\000o\000i\000d\000s}{section.2}% 5
\BOOKMARK [3][-]{subsubsection.2.3.1}{\376\377\000V\000e\000r\000h\000a\000l\000t\000e\000n\000\040\000a\000n\000\040\000W\000\344\000n\000d\000e\000n}{subsection.2.3}% 6
\BOOKMARK [2][-]{subsection.2.4}{\376\377\000R\000e\000g\000e\000l\000n}{section.2}% 7
\BOOKMARK [2][-]{subsection.2.5}{\376\377\000E\000i\000n\000g\000a\000b\000e}{section.2}% 8
\BOOKMARK [1][-]{section.3}{\376\377\000U\000m\000s\000e\000t\000z\000u\000n\000g}{}% 9
\BOOKMARK [2][-]{subsection.3.1}{\376\377\000A\000l\000l\000g\000e\000m\000e\000i\000n}{section.3}% 10
\BOOKMARK [2][-]{subsection.3.2}{\376\377\000F\000e\000n\000s\000t\000e\000r}{section.3}% 11
\BOOKMARK [2][-]{subsection.3.3}{\376\377\000R\000a\000u\000m}{section.3}% 12
\BOOKMARK [2][-]{subsection.3.4}{\376\377\000B\000o\000i\000d\000s}{section.3}% 13
\BOOKMARK [3][-]{subsubsection.3.4.1}{\376\377\000u\000p\000d\000a\000t\000e\000V\000e\000l\000\050\000\051}{subsection.3.4}% 14
\BOOKMARK [3][-]{subsubsection.3.4.2}{\376\377\000c\000l\000o\000s\000e\000B\000o\000i\000d\000s\000\050\000\051}{subsection.3.4}% 15
\BOOKMARK [3][-]{subsubsection.3.4.3}{\376\377\000a\000l\000i\000g\000n\000m\000e\000n\000t\000\050\000\051}{subsection.3.4}% 16
\BOOKMARK [3][-]{subsubsection.3.4.4}{\376\377\000s\000e\000p\000e\000r\000a\000t\000i\000o\000n\000\050\000\051\000;\000\040\000c\000o\000h\000e\000s\000i\000o\000n\000\050\000\051}{subsection.3.4}% 17
\BOOKMARK [3][-]{subsubsection.3.4.5}{\376\377\000a\000v\000o\000i\000d\000W\000a\000l\000l\000\050\000\051}{subsection.3.4}% 18
\BOOKMARK [3][-]{subsubsection.3.4.6}{\376\377\000m\000o\000v\000e\000\050\000\051}{subsection.3.4}% 19
\BOOKMARK [3][-]{subsubsection.3.4.7}{\376\377\000u\000p\000d\000a\000t\000e\000\050\000\051}{subsection.3.4}% 20
\BOOKMARK [2][-]{subsection.3.5}{\376\377\000F\000u\000n\000k\000t\000i\000o\000n\000e\000n\000\040\000i\000m\000\040\000F\000e\000n\000s\000t\000e\000r}{section.3}% 21
\BOOKMARK [2][-]{subsection.3.6}{\376\377\000E\000i\000n\000g\000a\000b\000e}{section.3}% 22
\BOOKMARK [1][-]{section.4}{\376\377\000w\000i\000c\000h\000t\000i\000g\000s\000t\000e\000\040\000F\000u\000n\000k\000t\000i\000o\000n\000e\000n}{}% 23
\BOOKMARK [2][-]{subsection.4.1}{\376\377\000F\000e\000n\000s\000t\000e\000r}{section.4}% 24
\BOOKMARK [2][-]{subsection.4.2}{\376\377\000K\000a\000m\000e\000r\000a}{section.4}% 25
\BOOKMARK [2][-]{subsection.4.3}{\376\377\000W\000i\000r\000e\000f\000r\000a\000m\000e}{section.4}% 26
\BOOKMARK [2][-]{subsection.4.4}{\376\377\000c\000l\000o\000s\000e\000B\000o\000i\000d\000s\000\050\000\051}{section.4}% 27
\BOOKMARK [2][-]{subsection.4.5}{\376\377\000c\000r\000e\000a\000t\000e\000B\000o\000i\000d\000s\000\050\000\051}{section.4}% 28
\BOOKMARK [2][-]{subsection.4.6}{\376\377\000s\000e\000p\000e\000r\000a\000t\000i\000o\000n\000\050\000\051}{section.4}% 29
\BOOKMARK [2][-]{subsection.4.7}{\376\377\000c\000o\000h\000e\000s\000i\000o\000n\000\050\000\051}{section.4}% 30
\BOOKMARK [2][-]{subsection.4.8}{\376\377\000s\000e\000p\000e\000r\000a\000t\000i\000o\000n\000C\000o\000h\000e\000s\000i\000o\000n\000\050\000\051}{section.4}% 31
\BOOKMARK [2][-]{subsection.4.9}{\376\377\000i\000n\000p\000u\000t\000\050\000\051}{section.4}% 32
\BOOKMARK [2][-]{subsection.4.10}{\376\377\000c\000r\000e\000a\000t\000e\000I\000n\000s\000t\000r\000u\000c\000t\000i\000o\000n\000s}{section.4}% 33
\BOOKMARK [1][-]{section.5}{\376\377\000Q\000u\000e\000l\000l\000e\000n\000n\000a\000c\000h\000w\000e\000i\000s}{}% 34
\BOOKMARK [1][-]{section*.2}{\376\377\000R\000e\000f\000e\000r\000e\000n\000c\000e\000s}{}% 35
